20-Feb-2024 20:27:19.134 INFO [main] org.apache.catalina.startup.VersionLoggerListener.log Nombre de la versión del servidor: Apache Tomcat/9.0.86
20-Feb-2024 20:27:19.137 INFO [main] org.apache.catalina.startup.VersionLoggerListener.log Server built:                      Feb 14 2024 08:15:12 UTC
20-Feb-2024 20:27:19.138 INFO [main] org.apache.catalina.startup.VersionLoggerListener.log Número de versión de servidor:     9.0.86.0
20-Feb-2024 20:27:19.138 INFO [main] org.apache.catalina.startup.VersionLoggerListener.log OS Name:                           Windows 10
20-Feb-2024 20:27:19.138 INFO [main] org.apache.catalina.startup.VersionLoggerListener.log Versión de Systema Operativo:      10.0
20-Feb-2024 20:27:19.138 INFO [main] org.apache.catalina.startup.VersionLoggerListener.log Arquitectura:                      amd64
20-Feb-2024 20:27:19.138 INFO [main] org.apache.catalina.startup.VersionLoggerListener.log Java Home:                         C:\Program Files\Java\jdk-20
20-Feb-2024 20:27:19.138 INFO [main] org.apache.catalina.startup.VersionLoggerListener.log JVM Version:                       20.0.2+9-78
20-Feb-2024 20:27:19.139 INFO [main] org.apache.catalina.startup.VersionLoggerListener.log Vededor JVM:                       Oracle Corporation
20-Feb-2024 20:27:19.139 INFO [main] org.apache.catalina.startup.VersionLoggerListener.log CATALINA_BASE:                     C:\Users\Sergio\Desktop\apache-tomcat-9.0.86
20-Feb-2024 20:27:19.139 INFO [main] org.apache.catalina.startup.VersionLoggerListener.log CATALINA_HOME:                     C:\Users\Sergio\Desktop\apache-tomcat-9.0.86
20-Feb-2024 20:27:19.146 INFO [main] org.apache.catalina.startup.VersionLoggerListener.log Command line argument:             --add-opens=java.base/java.lang=ALL-UNNAMED
20-Feb-2024 20:27:19.146 INFO [main] org.apache.catalina.startup.VersionLoggerListener.log Command line argument:             --add-opens=java.base/java.io=ALL-UNNAMED
20-Feb-2024 20:27:19.147 INFO [main] org.apache.catalina.startup.VersionLoggerListener.log Command line argument:             --add-opens=java.base/java.util=ALL-UNNAMED
20-Feb-2024 20:27:19.147 INFO [main] org.apache.catalina.startup.VersionLoggerListener.log Command line argument:             --add-opens=java.base/java.util.concurrent=ALL-UNNAMED
20-Feb-2024 20:27:19.147 INFO [main] org.apache.catalina.startup.VersionLoggerListener.log Command line argument:             --add-opens=java.rmi/sun.rmi.transport=ALL-UNNAMED
20-Feb-2024 20:27:19.147 INFO [main] org.apache.catalina.startup.VersionLoggerListener.log Command line argument:             -Djava.util.logging.config.file=C:\Users\Sergio\Desktop\apache-tomcat-9.0.86\conf\logging.properties
20-Feb-2024 20:27:19.148 INFO [main] org.apache.catalina.startup.VersionLoggerListener.log Command line argument:             -Djava.util.logging.manager=org.apache.juli.ClassLoaderLogManager
20-Feb-2024 20:27:19.148 INFO [main] org.apache.catalina.startup.VersionLoggerListener.log Command line argument:             -Djdk.tls.ephemeralDHKeySize=2048
20-Feb-2024 20:27:19.148 INFO [main] org.apache.catalina.startup.VersionLoggerListener.log Command line argument:             -Djava.protocol.handler.pkgs=org.apache.catalina.webresources
20-Feb-2024 20:27:19.153 INFO [main] org.apache.catalina.startup.VersionLoggerListener.log Command line argument:             -Dignore.endorsed.dirs=
20-Feb-2024 20:27:19.153 INFO [main] org.apache.catalina.startup.VersionLoggerListener.log Command line argument:             -Dcatalina.base=C:\Users\Sergio\Desktop\apache-tomcat-9.0.86
20-Feb-2024 20:27:19.154 INFO [main] org.apache.catalina.startup.VersionLoggerListener.log Command line argument:             -Dcatalina.home=C:\Users\Sergio\Desktop\apache-tomcat-9.0.86
20-Feb-2024 20:27:19.154 INFO [main] org.apache.catalina.startup.VersionLoggerListener.log Command line argument:             -Djava.io.tmpdir=C:\Users\Sergio\Desktop\apache-tomcat-9.0.86\temp
20-Feb-2024 20:27:19.165 INFO [main] org.apache.catalina.core.AprLifecycleListener.lifecycleEvent Cargada la biblioteca nativa APR de Apache Tomcat [1.3.0] con la versión APR [1.7.4].
20-Feb-2024 20:27:19.165 INFO [main] org.apache.catalina.core.AprLifecycleListener.lifecycleEvent Capacidades APR: IPv6 [true], enviar fichero [true], aceptar filtros [false], aleatorio [true], UDS [true].
20-Feb-2024 20:27:19.167 INFO [main] org.apache.catalina.core.AprLifecycleListener.lifecycleEvent APR/OpenSSL configuration: useAprConnector [false], useOpenSSL [true]
20-Feb-2024 20:27:19.172 INFO [main] org.apache.catalina.core.AprLifecycleListener.initializeSSL OpenSSL inicializado correctamente [OpenSSL 3.0.13 30 Jan 2024]
20-Feb-2024 20:27:19.393 INFO [main] org.apache.coyote.AbstractProtocol.init Inicializando el manejador de protocolo ["http-nio-8080"]

20-Feb-2024 20:27:19.405 SEVERE [main] org.apache.catalina.util.LifecycleBase.handleSubClassException Fallo al iniciar el componente [Connector["http-nio-8080"]]
	org.apache.catalina.LifecycleException: Falló la inicialización del manejador de protocolo
		at org.apache.catalina.connector.Connector.initInternal(Connector.java:1011)
		at org.apache.catalina.util.LifecycleBase.init(LifecycleBase.java:127)
		at org.apache.catalina.core.StandardService.initInternal(StandardService.java:554)
		at org.apache.catalina.util.LifecycleBase.init(LifecycleBase.java:127)
		at org.apache.catalina.core.StandardServer.initInternal(StandardServer.java:1046)
		at org.apache.catalina.util.LifecycleBase.init(LifecycleBase.java:127)
		at org.apache.catalina.startup.Catalina.load(Catalina.java:686)
		at org.apache.catalina.startup.Catalina.load(Catalina.java:709)
		at java.base/jdk.internal.reflect.DirectMethodHandleAccessor.invoke(DirectMethodHandleAccessor.java:104)
		at java.base/java.lang.reflect.Method.invoke(Method.java:578)
		at org.apache.catalina.startup.Bootstrap.load(Bootstrap.java:302)
		at org.apache.catalina.startup.Bootstrap.main(Bootstrap.java:475)
	Caused by: java.net.BindException: Address already in use: bind
		at java.base/sun.nio.ch.Net.bind0(Native Method)
		at java.base/sun.nio.ch.Net.bind(Net.java:556)
		at java.base/sun.nio.ch.ServerSocketChannelImpl.netBind(ServerSocketChannelImpl.java:344)
		at java.base/sun.nio.ch.ServerSocketChannelImpl.bind(ServerSocketChannelImpl.java:301)
		at org.apache.tomcat.util.net.NioEndpoint.initServerSocket(NioEndpoint.java:276)
		at org.apache.tomcat.util.net.NioEndpoint.bind(NioEndpoint.java:231)
		at org.apache.tomcat.util.net.AbstractEndpoint.bindWithCleanup(AbstractEndpoint.java:1334)
		at org.apache.tomcat.util.net.AbstractEndpoint.init(AbstractEndpoint.java:1347)
		at org.apache.coyote.AbstractProtocol.init(AbstractProtocol.java:654)
		at org.apache.coyote.http11.AbstractHttp11Protocol.init(AbstractHttp11Protocol.java:75)
		at org.apache.catalina.connector.Connector.initInternal(Connector.java:1009)
		... 11 more
20-Feb-2024 20:27:19.406 INFO [main] org.apache.catalina.startup.Catalina.load Server initialization in [435] milliseconds
20-Feb-2024 20:27:19.445 INFO [main] org.apache.catalina.core.StandardService.startInternal Arrancando servicio [Catalina]
20-Feb-2024 20:27:19.446 INFO [main] org.apache.catalina.core.StandardEngine.startInternal Starting Servlet engine: [Apache Tomcat/9.0.86]
20-Feb-2024 20:27:19.454 INFO [main] org.apache.catalina.startup.HostConfig.deployDirectory Desplegando el directorio [C:\Users\Sergio\Desktop\apache-tomcat-9.0.86\webapps\docs] de la aplicación web
20-Feb-2024 20:27:19.685 INFO [main] org.apache.catalina.startup.HostConfig.deployDirectory Deployment of web application directory [C:\Users\Sergio\Desktop\apache-tomcat-9.0.86\webapps\docs] has finished in [228] ms
20-Feb-2024 20:27:19.686 INFO [main] org.apache.catalina.startup.HostConfig.deployDirectory Desplegando el directorio [C:\Users\Sergio\Desktop\apache-tomcat-9.0.86\webapps\examples] de la aplicación web
20-Feb-2024 20:27:20.140 INFO [main] org.apache.catalina.startup.HostConfig.deployDirectory Deployment of web application directory [C:\Users\Sergio\Desktop\apache-tomcat-9.0.86\webapps\examples] has finished in [454] ms
20-Feb-2024 20:27:20.141 INFO [main] org.apache.catalina.startup.HostConfig.deployDirectory Desplegando el directorio [C:\Users\Sergio\Desktop\apache-tomcat-9.0.86\webapps\host-manager] de la aplicación web
20-Feb-2024 20:27:20.172 INFO [main] org.apache.catalina.startup.HostConfig.deployDirectory Deployment of web application directory [C:\Users\Sergio\Desktop\apache-tomcat-9.0.86\webapps\host-manager] has finished in [31] ms
20-Feb-2024 20:27:20.173 INFO [main] org.apache.catalina.startup.HostConfig.deployDirectory Desplegando el directorio [C:\Users\Sergio\Desktop\apache-tomcat-9.0.86\webapps\manager] de la aplicación web
20-Feb-2024 20:27:20.202 INFO [main] org.apache.catalina.startup.HostConfig.deployDirectory Deployment of web application directory [C:\Users\Sergio\Desktop\apache-tomcat-9.0.86\webapps\manager] has finished in [29] ms
20-Feb-2024 20:27:20.202 INFO [main] org.apache.catalina.startup.HostConfig.deployDirectory Desplegando el directorio [C:\Users\Sergio\Desktop\apache-tomcat-9.0.86\webapps\ROOT] de la aplicación web
20-Feb-2024 20:27:20.223 INFO [main] org.apache.catalina.startup.HostConfig.deployDirectory Deployment of web application directory [C:\Users\Sergio\Desktop\apache-tomcat-9.0.86\webapps\ROOT] has finished in [21] ms
20-Feb-2024 20:27:20.228 INFO [main] org.apache.catalina.startup.Catalina.start Server startup in [821] milliseconds
20-Feb-2024 20:28:38.369 INFO [main] org.apache.catalina.startup.VersionLoggerListener.log Nombre de la versión del servidor: Apache Tomcat/9.0.86
20-Feb-2024 20:28:38.373 INFO [main] org.apache.catalina.startup.VersionLoggerListener.log Server built:                      Feb 14 2024 08:15:12 UTC
20-Feb-2024 20:28:38.373 INFO [main] org.apache.catalina.startup.VersionLoggerListener.log Número de versión de servidor:     9.0.86.0
20-Feb-2024 20:28:38.373 INFO [main] org.apache.catalina.startup.VersionLoggerListener.log OS Name:                           Windows 10
20-Feb-2024 20:28:38.373 INFO [main] org.apache.catalina.startup.VersionLoggerListener.log Versión de Systema Operativo:      10.0
20-Feb-2024 20:28:38.373 INFO [main] org.apache.catalina.startup.VersionLoggerListener.log Arquitectura:                      amd64
20-Feb-2024 20:28:38.373 INFO [main] org.apache.catalina.startup.VersionLoggerListener.log Java Home:                         C:\Program Files\Java\jdk-20
20-Feb-2024 20:28:38.373 INFO [main] org.apache.catalina.startup.VersionLoggerListener.log JVM Version:                       20.0.2+9-78
20-Feb-2024 20:28:38.374 INFO [main] org.apache.catalina.startup.VersionLoggerListener.log Vededor JVM:                       Oracle Corporation
20-Feb-2024 20:28:38.374 INFO [main] org.apache.catalina.startup.VersionLoggerListener.log CATALINA_BASE:                     C:\Users\Sergio\Desktop\apache-tomcat-9.0.86
20-Feb-2024 20:28:38.374 INFO [main] org.apache.catalina.startup.VersionLoggerListener.log CATALINA_HOME:                     C:\Users\Sergio\Desktop\apache-tomcat-9.0.86
20-Feb-2024 20:28:38.381 INFO [main] org.apache.catalina.startup.VersionLoggerListener.log Command line argument:             --add-opens=java.base/java.lang=ALL-UNNAMED
20-Feb-2024 20:28:38.381 INFO [main] org.apache.catalina.startup.VersionLoggerListener.log Command line argument:             --add-opens=java.base/java.io=ALL-UNNAMED
20-Feb-2024 20:28:38.381 INFO [main] org.apache.catalina.startup.VersionLoggerListener.log Command line argument:             --add-opens=java.base/java.util=ALL-UNNAMED
20-Feb-2024 20:28:38.381 INFO [main] org.apache.catalina.startup.VersionLoggerListener.log Command line argument:             --add-opens=java.base/java.util.concurrent=ALL-UNNAMED
20-Feb-2024 20:28:38.382 INFO [main] org.apache.catalina.startup.VersionLoggerListener.log Command line argument:             --add-opens=java.rmi/sun.rmi.transport=ALL-UNNAMED
20-Feb-2024 20:28:38.382 INFO [main] org.apache.catalina.startup.VersionLoggerListener.log Command line argument:             -Djava.util.logging.config.file=C:\Users\Sergio\Desktop\apache-tomcat-9.0.86\conf\logging.properties
20-Feb-2024 20:28:38.383 INFO [main] org.apache.catalina.startup.VersionLoggerListener.log Command line argument:             -Djava.util.logging.manager=org.apache.juli.ClassLoaderLogManager
20-Feb-2024 20:28:38.383 INFO [main] org.apache.catalina.startup.VersionLoggerListener.log Command line argument:             -Djdk.tls.ephemeralDHKeySize=2048
20-Feb-2024 20:28:38.383 INFO [main] org.apache.catalina.startup.VersionLoggerListener.log Command line argument:             -Djava.protocol.handler.pkgs=org.apache.catalina.webresources
20-Feb-2024 20:28:38.383 INFO [main] org.apache.catalina.startup.VersionLoggerListener.log Command line argument:             -Dignore.endorsed.dirs=
20-Feb-2024 20:28:38.384 INFO [main] org.apache.catalina.startup.VersionLoggerListener.log Command line argument:             -Dcatalina.base=C:\Users\Sergio\Desktop\apache-tomcat-9.0.86
20-Feb-2024 20:28:38.384 INFO [main] org.apache.catalina.startup.VersionLoggerListener.log Command line argument:             -Dcatalina.home=C:\Users\Sergio\Desktop\apache-tomcat-9.0.86
20-Feb-2024 20:28:38.384 INFO [main] org.apache.catalina.startup.VersionLoggerListener.log Command line argument:             -Djava.io.tmpdir=C:\Users\Sergio\Desktop\apache-tomcat-9.0.86\temp
20-Feb-2024 20:28:38.387 INFO [main] org.apache.catalina.core.AprLifecycleListener.lifecycleEvent Cargada la biblioteca nativa APR de Apache Tomcat [1.3.0] con la versión APR [1.7.4].
20-Feb-2024 20:28:38.387 INFO [main] org.apache.catalina.core.AprLifecycleListener.lifecycleEvent Capacidades APR: IPv6 [true], enviar fichero [true], aceptar filtros [false], aleatorio [true], UDS [true].
20-Feb-2024 20:28:38.388 INFO [main] org.apache.catalina.core.AprLifecycleListener.lifecycleEvent APR/OpenSSL configuration: useAprConnector [false], useOpenSSL [true]
20-Feb-2024 20:28:38.392 INFO [main] org.apache.catalina.core.AprLifecycleListener.initializeSSL OpenSSL inicializado correctamente [OpenSSL 3.0.13 30 Jan 2024]
20-Feb-2024 20:28:38.604 INFO [main] org.apache.coyote.AbstractProtocol.init Inicializando el manejador de protocolo ["http-nio-8080"]

20-Feb-2024 20:28:38.614 SEVERE [main] org.apache.catalina.util.LifecycleBase.handleSubClassException Fallo al iniciar el componente [Connector["http-nio-8080"]]
	org.apache.catalina.LifecycleException: Falló la inicialización del manejador de protocolo
		at org.apache.catalina.connector.Connector.initInternal(Connector.java:1011)
		at org.apache.catalina.util.LifecycleBase.init(LifecycleBase.java:127)
		at org.apache.catalina.core.StandardService.initInternal(StandardService.java:554)
		at org.apache.catalina.util.LifecycleBase.init(LifecycleBase.java:127)
		at org.apache.catalina.core.StandardServer.initInternal(StandardServer.java:1046)
		at org.apache.catalina.util.LifecycleBase.init(LifecycleBase.java:127)
		at org.apache.catalina.startup.Catalina.load(Catalina.java:686)
		at org.apache.catalina.startup.Catalina.load(Catalina.java:709)
		at java.base/jdk.internal.reflect.DirectMethodHandleAccessor.invoke(DirectMethodHandleAccessor.java:104)
		at java.base/java.lang.reflect.Method.invoke(Method.java:578)
		at org.apache.catalina.startup.Bootstrap.load(Bootstrap.java:302)
		at org.apache.catalina.startup.Bootstrap.main(Bootstrap.java:475)
	Caused by: java.net.BindException: Address already in use: bind
		at java.base/sun.nio.ch.Net.bind0(Native Method)
		at java.base/sun.nio.ch.Net.bind(Net.java:556)
		at java.base/sun.nio.ch.ServerSocketChannelImpl.netBind(ServerSocketChannelImpl.java:344)
		at java.base/sun.nio.ch.ServerSocketChannelImpl.bind(ServerSocketChannelImpl.java:301)
		at org.apache.tomcat.util.net.NioEndpoint.initServerSocket(NioEndpoint.java:276)
		at org.apache.tomcat.util.net.NioEndpoint.bind(NioEndpoint.java:231)
		at org.apache.tomcat.util.net.AbstractEndpoint.bindWithCleanup(AbstractEndpoint.java:1334)
		at org.apache.tomcat.util.net.AbstractEndpoint.init(AbstractEndpoint.java:1347)
		at org.apache.coyote.AbstractProtocol.init(AbstractProtocol.java:654)
		at org.apache.coyote.http11.AbstractHttp11Protocol.init(AbstractHttp11Protocol.java:75)
		at org.apache.catalina.connector.Connector.initInternal(Connector.java:1009)
		... 11 more
20-Feb-2024 20:28:38.615 INFO [main] org.apache.catalina.startup.Catalina.load Server initialization in [399] milliseconds
20-Feb-2024 20:28:38.651 INFO [main] org.apache.catalina.core.StandardService.startInternal Arrancando servicio [Catalina]
20-Feb-2024 20:28:38.651 INFO [main] org.apache.catalina.core.StandardEngine.startInternal Starting Servlet engine: [Apache Tomcat/9.0.86]
20-Feb-2024 20:28:38.659 INFO [main] org.apache.catalina.startup.HostConfig.deployDirectory Desplegando el directorio [C:\Users\Sergio\Desktop\apache-tomcat-9.0.86\webapps\docs] de la aplicación web
20-Feb-2024 20:28:38.889 INFO [main] org.apache.catalina.startup.HostConfig.deployDirectory Deployment of web application directory [C:\Users\Sergio\Desktop\apache-tomcat-9.0.86\webapps\docs] has finished in [228] ms
20-Feb-2024 20:28:38.889 INFO [main] org.apache.catalina.startup.HostConfig.deployDirectory Desplegando el directorio [C:\Users\Sergio\Desktop\apache-tomcat-9.0.86\webapps\examples] de la aplicación web
20-Feb-2024 20:28:39.167 INFO [main] org.apache.catalina.startup.HostConfig.deployDirectory Deployment of web application directory [C:\Users\Sergio\Desktop\apache-tomcat-9.0.86\webapps\examples] has finished in [278] ms
20-Feb-2024 20:28:39.168 INFO [main] org.apache.catalina.startup.HostConfig.deployDirectory Desplegando el directorio [C:\Users\Sergio\Desktop\apache-tomcat-9.0.86\webapps\host-manager] de la aplicación web
20-Feb-2024 20:28:39.197 INFO [main] org.apache.catalina.startup.HostConfig.deployDirectory Deployment of web application directory [C:\Users\Sergio\Desktop\apache-tomcat-9.0.86\webapps\host-manager] has finished in [30] ms
20-Feb-2024 20:28:39.197 INFO [main] org.apache.catalina.startup.HostConfig.deployDirectory Desplegando el directorio [C:\Users\Sergio\Desktop\apache-tomcat-9.0.86\webapps\manager] de la aplicación web
20-Feb-2024 20:28:39.226 INFO [main] org.apache.catalina.startup.HostConfig.deployDirectory Deployment of web application directory [C:\Users\Sergio\Desktop\apache-tomcat-9.0.86\webapps\manager] has finished in [28] ms
20-Feb-2024 20:28:39.226 INFO [main] org.apache.catalina.startup.HostConfig.deployDirectory Desplegando el directorio [C:\Users\Sergio\Desktop\apache-tomcat-9.0.86\webapps\ROOT] de la aplicación web
20-Feb-2024 20:28:39.245 INFO [main] org.apache.catalina.startup.HostConfig.deployDirectory Deployment of web application directory [C:\Users\Sergio\Desktop\apache-tomcat-9.0.86\webapps\ROOT] has finished in [18] ms
20-Feb-2024 20:28:39.249 INFO [main] org.apache.catalina.startup.Catalina.start Server startup in [632] milliseconds
20-Feb-2024 20:31:46.344 INFO [main] org.apache.catalina.startup.VersionLoggerListener.log Nombre de la versión del servidor: Apache Tomcat/9.0.86
20-Feb-2024 20:31:46.347 INFO [main] org.apache.catalina.startup.VersionLoggerListener.log Server built:                      Feb 14 2024 08:15:12 UTC
20-Feb-2024 20:31:46.348 INFO [main] org.apache.catalina.startup.VersionLoggerListener.log Número de versión de servidor:     9.0.86.0
20-Feb-2024 20:31:46.348 INFO [main] org.apache.catalina.startup.VersionLoggerListener.log OS Name:                           Windows 10
20-Feb-2024 20:31:46.348 INFO [main] org.apache.catalina.startup.VersionLoggerListener.log Versión de Systema Operativo:      10.0
20-Feb-2024 20:31:46.348 INFO [main] org.apache.catalina.startup.VersionLoggerListener.log Arquitectura:                      amd64
20-Feb-2024 20:31:46.348 INFO [main] org.apache.catalina.startup.VersionLoggerListener.log Java Home:                         C:\Program Files\Java\jdk-20
20-Feb-2024 20:31:46.348 INFO [main] org.apache.catalina.startup.VersionLoggerListener.log JVM Version:                       20.0.2+9-78
20-Feb-2024 20:31:46.348 INFO [main] org.apache.catalina.startup.VersionLoggerListener.log Vededor JVM:                       Oracle Corporation
20-Feb-2024 20:31:46.348 INFO [main] org.apache.catalina.startup.VersionLoggerListener.log CATALINA_BASE:                     C:\Users\Sergio\Desktop\apache-tomcat-9.0.86
20-Feb-2024 20:31:46.348 INFO [main] org.apache.catalina.startup.VersionLoggerListener.log CATALINA_HOME:                     C:\Users\Sergio\Desktop\apache-tomcat-9.0.86
20-Feb-2024 20:31:46.355 INFO [main] org.apache.catalina.startup.VersionLoggerListener.log Command line argument:             --add-opens=java.base/java.lang=ALL-UNNAMED
20-Feb-2024 20:31:46.355 INFO [main] org.apache.catalina.startup.VersionLoggerListener.log Command line argument:             --add-opens=java.base/java.io=ALL-UNNAMED
20-Feb-2024 20:31:46.356 INFO [main] org.apache.catalina.startup.VersionLoggerListener.log Command line argument:             --add-opens=java.base/java.util=ALL-UNNAMED
20-Feb-2024 20:31:46.356 INFO [main] org.apache.catalina.startup.VersionLoggerListener.log Command line argument:             --add-opens=java.base/java.util.concurrent=ALL-UNNAMED
20-Feb-2024 20:31:46.356 INFO [main] org.apache.catalina.startup.VersionLoggerListener.log Command line argument:             --add-opens=java.rmi/sun.rmi.transport=ALL-UNNAMED
20-Feb-2024 20:31:46.356 INFO [main] org.apache.catalina.startup.VersionLoggerListener.log Command line argument:             -Djava.util.logging.config.file=C:\Users\Sergio\Desktop\apache-tomcat-9.0.86\conf\logging.properties
20-Feb-2024 20:31:46.357 INFO [main] org.apache.catalina.startup.VersionLoggerListener.log Command line argument:             -Djava.util.logging.manager=org.apache.juli.ClassLoaderLogManager
20-Feb-2024 20:31:46.357 INFO [main] org.apache.catalina.startup.VersionLoggerListener.log Command line argument:             -Djdk.tls.ephemeralDHKeySize=2048
20-Feb-2024 20:31:46.357 INFO [main] org.apache.catalina.startup.VersionLoggerListener.log Command line argument:             -Djava.protocol.handler.pkgs=org.apache.catalina.webresources
20-Feb-2024 20:31:46.358 INFO [main] org.apache.catalina.startup.VersionLoggerListener.log Command line argument:             -Dignore.endorsed.dirs=
20-Feb-2024 20:31:46.358 INFO [main] org.apache.catalina.startup.VersionLoggerListener.log Command line argument:             -Dcatalina.base=C:\Users\Sergio\Desktop\apache-tomcat-9.0.86
20-Feb-2024 20:31:46.358 INFO [main] org.apache.catalina.startup.VersionLoggerListener.log Command line argument:             -Dcatalina.home=C:\Users\Sergio\Desktop\apache-tomcat-9.0.86
20-Feb-2024 20:31:46.358 INFO [main] org.apache.catalina.startup.VersionLoggerListener.log Command line argument:             -Djava.io.tmpdir=C:\Users\Sergio\Desktop\apache-tomcat-9.0.86\temp
20-Feb-2024 20:31:46.361 INFO [main] org.apache.catalina.core.AprLifecycleListener.lifecycleEvent Cargada la biblioteca nativa APR de Apache Tomcat [1.3.0] con la versión APR [1.7.4].
20-Feb-2024 20:31:46.362 INFO [main] org.apache.catalina.core.AprLifecycleListener.lifecycleEvent Capacidades APR: IPv6 [true], enviar fichero [true], aceptar filtros [false], aleatorio [true], UDS [true].
20-Feb-2024 20:31:46.362 INFO [main] org.apache.catalina.core.AprLifecycleListener.lifecycleEvent APR/OpenSSL configuration: useAprConnector [false], useOpenSSL [true]
20-Feb-2024 20:31:46.367 INFO [main] org.apache.catalina.core.AprLifecycleListener.initializeSSL OpenSSL inicializado correctamente [OpenSSL 3.0.13 30 Jan 2024]
20-Feb-2024 20:31:46.578 INFO [main] org.apache.coyote.AbstractProtocol.init Inicializando el manejador de protocolo ["http-nio-8086"]

20-Feb-2024 20:31:46.596 INFO [main] org.apache.catalina.startup.Catalina.load Server initialization in [413] milliseconds
20-Feb-2024 20:31:46.637 INFO [main] org.apache.catalina.core.StandardService.startInternal Arrancando servicio [Catalina]
20-Feb-2024 20:31:46.637 INFO [main] org.apache.catalina.core.StandardEngine.startInternal Starting Servlet engine: [Apache Tomcat/9.0.86]
20-Feb-2024 20:31:46.648 INFO [main] org.apache.catalina.startup.HostConfig.deployDirectory Desplegando el directorio [C:\Users\Sergio\Desktop\apache-tomcat-9.0.86\webapps\docs] de la aplicación web
20-Feb-2024 20:31:46.912 INFO [main] org.apache.catalina.startup.HostConfig.deployDirectory Deployment of web application directory [C:\Users\Sergio\Desktop\apache-tomcat-9.0.86\webapps\docs] has finished in [262] ms
20-Feb-2024 20:31:46.913 INFO [main] org.apache.catalina.startup.HostConfig.deployDirectory Desplegando el directorio [C:\Users\Sergio\Desktop\apache-tomcat-9.0.86\webapps\examples] de la aplicación web
20-Feb-2024 20:31:47.211 INFO [main] org.apache.catalina.startup.HostConfig.deployDirectory Deployment of web application directory [C:\Users\Sergio\Desktop\apache-tomcat-9.0.86\webapps\examples] has finished in [298] ms
20-Feb-2024 20:31:47.211 INFO [main] org.apache.catalina.startup.HostConfig.deployDirectory Desplegando el directorio [C:\Users\Sergio\Desktop\apache-tomcat-9.0.86\webapps\host-manager] de la aplicación web
20-Feb-2024 20:31:47.240 INFO [main] org.apache.catalina.startup.HostConfig.deployDirectory Deployment of web application directory [C:\Users\Sergio\Desktop\apache-tomcat-9.0.86\webapps\host-manager] has finished in [29] ms
20-Feb-2024 20:31:47.240 INFO [main] org.apache.catalina.startup.HostConfig.deployDirectory Desplegando el directorio [C:\Users\Sergio\Desktop\apache-tomcat-9.0.86\webapps\manager] de la aplicación web
20-Feb-2024 20:31:47.265 INFO [main] org.apache.catalina.startup.HostConfig.deployDirectory Deployment of web application directory [C:\Users\Sergio\Desktop\apache-tomcat-9.0.86\webapps\manager] has finished in [25] ms
20-Feb-2024 20:31:47.266 INFO [main] org.apache.catalina.startup.HostConfig.deployDirectory Desplegando el directorio [C:\Users\Sergio\Desktop\apache-tomcat-9.0.86\webapps\ROOT] de la aplicación web
20-Feb-2024 20:31:47.284 INFO [main] org.apache.catalina.startup.HostConfig.deployDirectory Deployment of web application directory [C:\Users\Sergio\Desktop\apache-tomcat-9.0.86\webapps\ROOT] has finished in [18] ms
20-Feb-2024 20:31:47.289 INFO [main] org.apache.coyote.AbstractProtocol.start Starting ProtocolHandler ["http-nio-8086"]
20-Feb-2024 20:31:47.330 INFO [main] org.apache.catalina.startup.Catalina.start Server startup in [733] milliseconds
